::1 - - [13/Feb/2026 08:08:51] "GET / HTTP/1.1" 304 -
::1 - - [13/Feb/2026 08:08:51] "GET /styles.css HTTP/1.1" 304 -
::1 - - [13/Feb/2026 08:08:51] "GET /content.json HTTP/1.1" 200 -
::1 - - [13/Feb/2026 08:11:22] "GET / HTTP/1.1" 304 -
::1 - - [13/Feb/2026 08:11:22] "GET /content.json HTTP/1.1" 200 -
::1 - - [13/Feb/2026 08:29:05] "GET / HTTP/1.1" 200 -
::1 - - [13/Feb/2026 08:29:05] "GET /styles.css HTTP/1.1" 200 -
::1 - - [13/Feb/2026 08:29:05] "GET /content.json HTTP/1.1" 200 -
::1 - - [13/Feb/2026 08:29:17] "GET / HTTP/1.1" 304 -
::1 - - [13/Feb/2026 08:29:17] "GET /styles.css HTTP/1.1" 304 -
::1 - - [13/Feb/2026 08:29:17] "GET /content.json HTTP/1.1" 200 -
::1 - - [13/Feb/2026 08:49:29] "GET / HTTP/1.1" 200 -
::1 - - [13/Feb/2026 08:49:29] "GET /styles.css HTTP/1.1" 304 -
::1 - - [13/Feb/2026 08:49:29] "GET /app.js HTTP/1.1" 304 -
::1 - - [13/Feb/2026 08:49:29] "GET /content.json HTTP/1.1" 200 -
::1 - - [13/Feb/2026 12:25:18] "GET /assets/images/ai-analyze-sentiment-config.png HTTP/1.1" 304 -
::1 - - [13/Feb/2026 12:25:18] "GET /assets/images/ai-email-responder-workflow.png HTTP/1.1" 304 -
::1 - - [13/Feb/2026 12:25:18] "GET /assets/images/ai-generate-response-config.png HTTP/1.1" 304 -
::1 - - [13/Feb/2026 13:04:23] "GET / HTTP/1.1" 200 -
::1 - - [13/Feb/2026 13:04:24] "GET /styles.css HTTP/1.1" 304 -
::1 - - [13/Feb/2026 13:04:24] "GET /app.js HTTP/1.1" 304 -
::1 - - [13/Feb/2026 13:04:24] "GET /content.json HTTP/1.1" 200 -
::ffff:127.0.0.1 - - [13/Feb/2026 13:18:06] "GET / HTTP/1.1" 200 -
::ffff:127.0.0.1 - - [13/Feb/2026 13:18:13] "GET / HTTP/1.1" 200 -
::ffff:127.0.0.1 - - [13/Feb/2026 13:18:14] "GET / HTTP/1.1" 200 -
::1 - - [13/Feb/2026 13:18:47] "GET / HTTP/1.1" 200 -
::1 - - [13/Feb/2026 13:18:48] "GET /content.json HTTP/1.1" 200 -
::1 - - [13/Feb/2026 13:18:48] "GET /assets/images/embedding-single-text.png HTTP/1.1" 200 -
::1 - - [13/Feb/2026 13:18:48] "GET /assets/images/embedding-batch-text.png HTTP/1.1" 200 -
::1 - - [13/Feb/2026 13:19:19] "GET /assets/images/error-success-path.png HTTP/1.1" 304 -
::1 - - [13/Feb/2026 13:19:19] "GET /assets/images/error-error-path.png HTTP/1.1" 304 -
::1 - - [13/Feb/2026 13:19:19] "GET /assets/images/error-email-alert.png HTTP/1.1" 304 -
::1 - - [13/Feb/2026 13:19:19] "GET /assets/images/logic-merge-node-detail.png HTTP/1.1" 304 -
::1 - - [13/Feb/2026 13:19:19] "GET /assets/images/logic-email-result.png HTTP/1.1" 304 -
::1 - - [13/Feb/2026 13:19:19] "GET /assets/images/logic-if-node-detail.png HTTP/1.1" 304 -
::1 - - [13/Feb/2026 13:19:19] "GET /assets/images/logic-workflow-overview.png HTTP/1.1" 304 -
::1 - - [13/Feb/2026 13:19:20] "GET /assets/images/logic-split-node-detail.png HTTP/1.1" 304 -
::1 - - [13/Feb/2026 13:19:20] "GET /assets/images/logic-gmail-summary.png HTTP/1.1" 304 -
::1 - - [13/Feb/2026 13:19:21] "GET /assets/images/expressions-workflow-output.png HTTP/1.1" 304 -
::1 - - [13/Feb/2026 13:19:21] "GET /assets/images/expressions-add-metadata-detail.png HTTP/1.1" 304 -
::1 - - [13/Feb/2026 13:19:21] "GET /assets/images/user-processing-workflow.png HTTP/1.1" 304 -
::1 - - [13/Feb/2026 13:20:02] "GET /assets/images/edit-fields-node.png HTTP/1.1" 304 -
::1 - - [13/Feb/2026 13:23:03] "GET / HTTP/1.1" 200 -
::1 - - [13/Feb/2026 13:23:03] "GET /content.json HTTP/1.1" 200 -
::1 - - [13/Feb/2026 13:23:03] "GET /assets/images/embedding-batch-text.png HTTP/1.1" 304 -
::1 - - [13/Feb/2026 13:23:03] "GET /assets/images/embedding-single-text.png HTTP/1.1" 304 -
::1 - - [13/Feb/2026 13:23:11] "GET /assets/images/hello-world-workflow.png HTTP/1.1" 304 -
::1 - - [13/Feb/2026 13:31:24] "GET / HTTP/1.1" 200 -
::1 - - [13/Feb/2026 13:31:24] "GET /content.json HTTP/1.1" 200 -
::1 - - [13/Feb/2026 13:31:49] "GET /assets/images/embedding-batch-text.png HTTP/1.1" 304 -
::1 - - [13/Feb/2026 13:31:49] "GET /assets/images/embedding-single-text.png HTTP/1.1" 304 -
::1 - - [13/Feb/2026 13:55:43] "GET / HTTP/1.1" 200 -
::1 - - [13/Feb/2026 13:55:44] "GET /styles.css HTTP/1.1" 304 -
::1 - - [13/Feb/2026 13:55:44] "GET /content.json HTTP/1.1" 200 -
::1 - - [13/Feb/2026 13:55:44] "GET /assets/images/embedding-single-text.png HTTP/1.1" 304 -
::1 - - [13/Feb/2026 13:55:44] "GET /assets/images/embedding-batch-text.png HTTP/1.1" 304 -
::1 - - [13/Feb/2026 14:30:48] "GET / HTTP/1.1" 200 -
::1 - - [13/Feb/2026 14:30:49] "GET /content.json HTTP/1.1" 200 -
::1 - - [13/Feb/2026 14:30:49] "GET /assets/images/qdrant-stored-embeddings.png HTTP/1.1" 200 -
::1 - - [13/Feb/2026 14:30:49] "GET /assets/images/embedding-batch-text.png HTTP/1.1" 304 -
::1 - - [13/Feb/2026 14:30:49] "GET /assets/images/embedding-single-text.png HTTP/1.1" 304 -
::1 - - [13/Feb/2026 16:56:32] "GET /assets/images/embedding-single-text.png HTTP/1.1" 304 -
::1 - - [13/Feb/2026 16:56:32] "GET /assets/images/embedding-batch-text.png HTTP/1.1" 304 -
::1 - - [13/Feb/2026 17:23:00] "GET / HTTP/1.1" 200 -
::1 - - [13/Feb/2026 17:23:01] "GET /styles.css HTTP/1.1" 304 -
::1 - - [13/Feb/2026 17:23:01] "GET /app.js HTTP/1.1" 304 -
::1 - - [13/Feb/2026 17:23:01] "GET /content.json HTTP/1.1" 200 -
::1 - - [13/Feb/2026 17:23:01] "GET /assets/images/qdrant-stored-embeddings.png HTTP/1.1" 304 -
::1 - - [13/Feb/2026 17:23:01] "GET /assets/images/embedding-single-text.png HTTP/1.1" 304 -
::1 - - [13/Feb/2026 17:23:01] "GET /assets/images/embedding-batch-text.png HTTP/1.1" 304 -
::1 - - [13/Feb/2026 17:57:01] "GET / HTTP/1.1" 200 -
::1 - - [13/Feb/2026 17:57:01] "GET /content.json HTTP/1.1" 200 -
::1 - - [13/Feb/2026 17:57:01] "GET /assets/images/semantic-search-embedding1.png HTTP/1.1" 200 -
::1 - - [13/Feb/2026 17:57:01] "GET /assets/images/semantic-search-results.png HTTP/1.1" 200 -
::1 - - [13/Feb/2026 17:57:01] "GET /assets/images/semantic-search-embedding2.png HTTP/1.1" 200 -
::1 - - [13/Feb/2026 17:57:01] "GET /assets/images/embedding-batch-text.png HTTP/1.1" 304 -
::1 - - [13/Feb/2026 17:57:01] "GET /assets/images/embedding-single-text.png HTTP/1.1" 304 -
::1 - - [13/Feb/2026 18:13:26] "GET / HTTP/1.1" 200 -
::1 - - [13/Feb/2026 18:13:26] "GET /content.json HTTP/1.1" 200 -
::1 - - [13/Feb/2026 18:13:26] "GET /assets/images/semantic-search-embedding2.png HTTP/1.1" 304 -
::1 - - [13/Feb/2026 18:13:26] "GET /assets/images/semantic-search-results.png HTTP/1.1" 304 -
::1 - - [13/Feb/2026 18:13:26] "GET /assets/images/semantic-search-embedding1.png HTTP/1.1" 304 -
::1 - - [13/Feb/2026 19:02:58] "GET / HTTP/1.1" 200 -
::1 - - [13/Feb/2026 19:02:58] "GET /styles.css HTTP/1.1" 304 -
::1 - - [13/Feb/2026 19:02:58] "GET /content.json HTTP/1.1" 200 -
::1 - - [13/Feb/2026 19:02:58] "GET /assets/images/semantic-search-qdrant-storage.png HTTP/1.1" 200 -
::1 - - [13/Feb/2026 19:02:58] "GET /assets/images/embedding-batch-text.png HTTP/1.1" 304 -
::1 - - [13/Feb/2026 19:02:58] "GET /assets/images/embedding-single-text.png HTTP/1.1" 304 -
::1 - - [13/Feb/2026 19:02:58] "GET /assets/images/semantic-search-embedding1.png HTTP/1.1" 304 -
::1 - - [13/Feb/2026 19:02:58] "GET /assets/images/semantic-search-embedding2.png HTTP/1.1" 304 -
::1 - - [13/Feb/2026 19:02:58] "GET /assets/images/semantic-search-results.png HTTP/1.1" 304 -
::1 - - [13/Feb/2026 19:03:13] "GET / HTTP/1.1" 200 -
::1 - - [13/Feb/2026 19:03:13] "GET /content.json HTTP/1.1" 200 -
::1 - - [13/Feb/2026 19:03:13] "GET /assets/images/semantic-search-qdrant-storage.png HTTP/1.1" 304 -
::1 - - [13/Feb/2026 19:03:29] code 404, message File not found
::1 - - [13/Feb/2026 19:03:29] "GET /apple-touch-icon-precomposed.png HTTP/1.1" 404 -
::1 - - [13/Feb/2026 19:03:29] code 404, message File not found
::1 - - [13/Feb/2026 19:03:29] "GET /apple-touch-icon.png HTTP/1.1" 404 -
::1 - - [13/Feb/2026 19:03:29] code 404, message File not found
::1 - - [13/Feb/2026 19:03:29] "GET /favicon.ico HTTP/1.1" 404 -
::1 - - [13/Feb/2026 19:03:29] "GET /assets/images/semantic-search-embedding1.png HTTP/1.1" 200 -
::1 - - [13/Feb/2026 19:03:39] "GET / HTTP/1.1" 304 -
::1 - - [13/Feb/2026 19:03:39] "GET /styles.css HTTP/1.1" 304 -
::1 - - [13/Feb/2026 19:03:39] "GET /app.js HTTP/1.1" 304 -
::1 - - [13/Feb/2026 19:03:39] "GET /content.json HTTP/1.1" 200 -
::1 - - [13/Feb/2026 19:03:39] "GET /assets/images/embedding-single-text.png HTTP/1.1" 200 -
::1 - - [13/Feb/2026 19:03:39] "GET /assets/images/embedding-batch-text.png HTTP/1.1" 200 -
::1 - - [13/Feb/2026 19:03:39] "GET /assets/images/semantic-search-embedding1.png HTTP/1.1" 200 -
::1 - - [13/Feb/2026 19:03:39] "GET /assets/images/semantic-search-embedding2.png HTTP/1.1" 200 -
::1 - - [13/Feb/2026 19:03:39] "GET /assets/images/semantic-search-results.png HTTP/1.1" 200 -
::1 - - [13/Feb/2026 19:03:39] "GET /assets/images/semantic-search-qdrant-storage.png HTTP/1.1" 200 -
::1 - - [13/Feb/2026 19:03:40] "GET /assets/images/ai-email-responder-workflow.png HTTP/1.1" 304 -
::1 - - [13/Feb/2026 19:03:40] "GET /assets/images/ai-analyze-sentiment-config.png HTTP/1.1" 304 -
::1 - - [13/Feb/2026 19:03:40] "GET /assets/images/ai-generate-response-config.png HTTP/1.1" 304 -
::1 - - [13/Feb/2026 19:06:24] "GET / HTTP/1.1" 200 -
::1 - - [13/Feb/2026 19:06:24] "GET /content.json HTTP/1.1" 200 -
::1 - - [13/Feb/2026 19:06:24] "GET /assets/images/semantic-search-qdrant-storage.png HTTP/1.1" 304 -
::1 - - [13/Feb/2026 20:27:59] "GET / HTTP/1.1" 200 -
::1 - - [13/Feb/2026 20:28:00] "GET /styles.css HTTP/1.1" 304 -
::1 - - [13/Feb/2026 20:28:00] "GET /app.js HTTP/1.1" 304 -
::1 - - [13/Feb/2026 20:28:00] "GET /content.json HTTP/1.1" 200 -
::1 - - [13/Feb/2026 20:28:00] "GET /assets/images/semantic-search-qdrant-graph.png HTTP/1.1" 200 -
::1 - - [13/Feb/2026 20:28:00] "GET /assets/images/semantic-search-generation-process.png HTTP/1.1" 200 -
::1 - - [13/Feb/2026 20:28:00] "GET /assets/images/embedding-single-text.png HTTP/1.1" 304 -
::1 - - [13/Feb/2026 20:28:00] "GET /assets/images/embedding-batch-text.png HTTP/1.1" 304 -
::1 - - [13/Feb/2026 20:28:00] "GET /assets/images/semantic-search-results.png HTTP/1.1" 304 -
::1 - - [13/Feb/2026 20:28:00] "GET /assets/images/semantic-search-embedding1.png HTTP/1.1" 304 -
::1 - - [13/Feb/2026 20:28:00] "GET /assets/images/semantic-search-qdrant-storage.png HTTP/1.1" 304 -
::1 - - [13/Feb/2026 20:28:00] "GET /assets/images/semantic-search-embedding2.png HTTP/1.1" 304 -
::1 - - [13/Feb/2026 20:35:17] "GET / HTTP/1.1" 200 -
::1 - - [13/Feb/2026 20:35:17] "GET /content.json HTTP/1.1" 200 -
::1 - - [13/Feb/2026 20:35:17] "GET /assets/images/semantic-search-qdrant-graph.png HTTP/1.1" 304 -
::1 - - [13/Feb/2026 20:35:17] "GET /assets/images/semantic-search-generation-process.png HTTP/1.1" 304 -
::1 - - [13/Feb/2026 20:38:43] "GET / HTTP/1.1" 200 -
::1 - - [13/Feb/2026 20:38:43] "GET /content.json HTTP/1.1" 200 -
::1 - - [13/Feb/2026 20:38:43] "GET /assets/images/semantic-search-generation-process.png HTTP/1.1" 304 -
::1 - - [13/Feb/2026 20:38:43] "GET /assets/images/semantic-search-qdrant-storage.png HTTP/1.1" 304 -
::1 - - [13/Feb/2026 20:38:43] "GET /assets/images/semantic-search-qdrant-graph.png HTTP/1.1" 304 -
::1 - - [13/Feb/2026 20:41:03] "GET / HTTP/1.1" 200 -
::1 - - [13/Feb/2026 20:41:03] "GET /content.json HTTP/1.1" 200 -
::1 - - [13/Feb/2026 20:41:03] "GET /assets/images/semantic-search-generation-process.png HTTP/1.1" 304 -
::1 - - [13/Feb/2026 20:41:03] "GET /assets/images/semantic-search-qdrant-graph.png HTTP/1.1" 304 -
::1 - - [13/Feb/2026 20:43:41] "GET /assets/images/semantic-search-generation-process.png HTTP/1.1" 304 -
::1 - - [13/Feb/2026 20:43:41] "GET /assets/images/semantic-search-qdrant-graph.png HTTP/1.1" 304 -
::1 - - [13/Feb/2026 20:46:11] "GET / HTTP/1.1" 200 -
::1 - - [13/Feb/2026 20:46:11] "GET /content.json HTTP/1.1" 200 -
::1 - - [13/Feb/2026 21:04:04] "GET /assets/images/semantic-search-embedding2.png HTTP/1.1" 304 -
::1 - - [13/Feb/2026 21:04:04] "GET /assets/images/semantic-search-qdrant-storage.png HTTP/1.1" 304 -
::1 - - [13/Feb/2026 21:04:04] "GET /assets/images/semantic-search-embedding1.png HTTP/1.1" 304 -
::1 - - [13/Feb/2026 21:04:04] "GET /assets/images/semantic-search-qdrant-graph.png HTTP/1.1" 304 -
::1 - - [13/Feb/2026 21:04:04] "GET /assets/images/semantic-search-results.png HTTP/1.1" 304 -
::1 - - [13/Feb/2026 21:04:04] "GET /assets/images/semantic-search-generation-process.png HTTP/1.1" 304 -
::1 - - [14/Feb/2026 03:58:54] "GET / HTTP/1.1" 200 -
::1 - - [14/Feb/2026 03:58:55] "GET /styles.css HTTP/1.1" 304 -
::1 - - [14/Feb/2026 03:58:55] "GET /app.js HTTP/1.1" 304 -
::1 - - [14/Feb/2026 03:58:55] "GET /content.json HTTP/1.1" 304 -
::1 - - [14/Feb/2026 03:59:02] "GET /assets/images/semantic-search-embedding1.png HTTP/1.1" 304 -
::1 - - [14/Feb/2026 03:59:02] "GET /assets/images/embedding-batch-text.png HTTP/1.1" 304 -
::1 - - [14/Feb/2026 03:59:02] "GET /assets/images/embedding-single-text.png HTTP/1.1" 304 -
::1 - - [14/Feb/2026 03:59:02] "GET /assets/images/semantic-search-embedding2.png HTTP/1.1" 304 -
::1 - - [14/Feb/2026 03:59:02] "GET /assets/images/semantic-search-qdrant-storage.png HTTP/1.1" 304 -
::1 - - [14/Feb/2026 03:59:02] "GET /assets/images/semantic-search-results.png HTTP/1.1" 304 -
::1 - - [14/Feb/2026 03:59:02] "GET /assets/images/semantic-search-qdrant-graph.png HTTP/1.1" 304 -
::1 - - [14/Feb/2026 03:59:02] "GET /assets/images/semantic-search-generation-process.png HTTP/1.1" 304 -
::1 - - [14/Feb/2026 03:59:13] "GET /assets/images/hello-world-workflow.png HTTP/1.1" 304 -
::1 - - [14/Feb/2026 03:59:14] "GET /assets/images/edit-fields-node.png HTTP/1.1" 304 -
::1 - - [14/Feb/2026 03:59:15] "GET /assets/images/user-processing-workflow.png HTTP/1.1" 304 -
::1 - - [14/Feb/2026 03:59:16] "GET /assets/images/expressions-workflow-output.png HTTP/1.1" 304 -
::1 - - [14/Feb/2026 03:59:16] "GET /assets/images/expressions-add-metadata-detail.png HTTP/1.1" 304 -
::1 - - [14/Feb/2026 03:59:16] "GET /assets/images/logic-email-result.png HTTP/1.1" 304 -
::1 - - [14/Feb/2026 03:59:16] "GET /assets/images/logic-gmail-summary.png HTTP/1.1" 304 -
::1 - - [14/Feb/2026 03:59:16] "GET /assets/images/logic-if-node-detail.png HTTP/1.1" 304 -
::1 - - [14/Feb/2026 03:59:16] "GET /assets/images/logic-merge-node-detail.png HTTP/1.1" 304 -
::1 - - [14/Feb/2026 03:59:16] "GET /assets/images/logic-workflow-overview.png HTTP/1.1" 304 -
::1 - - [14/Feb/2026 03:59:16] "GET /assets/images/logic-split-node-detail.png HTTP/1.1" 304 -
::1 - - [14/Feb/2026 03:59:17] "GET /assets/images/error-email-alert.png HTTP/1.1" 304 -
::1 - - [14/Feb/2026 03:59:17] "GET /assets/images/error-error-path.png HTTP/1.1" 304 -
::1 - - [14/Feb/2026 03:59:17] "GET /assets/images/error-success-path.png HTTP/1.1" 304 -
::1 - - [14/Feb/2026 03:59:18] "GET /assets/images/ai-email-responder-workflow.png HTTP/1.1" 304 -
::1 - - [14/Feb/2026 03:59:18] "GET /assets/images/ai-analyze-sentiment-config.png HTTP/1.1" 304 -
::1 - - [14/Feb/2026 03:59:18] "GET /assets/images/ai-generate-response-config.png HTTP/1.1" 304 -
::1 - - [14/Feb/2026 10:41:01] "GET / HTTP/1.1" 200 -
::1 - - [14/Feb/2026 10:41:01] "GET /styles.css HTTP/1.1" 304 -
::1 - - [14/Feb/2026 10:41:01] "GET /app.js HTTP/1.1" 304 -
::1 - - [14/Feb/2026 10:41:01] "GET /content.json HTTP/1.1" 200 -
::1 - - [14/Feb/2026 10:41:01] code 404, message File not found
::1 - - [14/Feb/2026 10:41:01] code 404, message File not found
::1 - - [14/Feb/2026 10:41:01] "GET /assets/images/rag-indexing-workflow.png HTTP/1.1" 404 -
::1 - - [14/Feb/2026 10:41:01] "GET /assets/images/rag-query-workflow.png HTTP/1.1" 404 -
::1 - - [14/Feb/2026 10:43:03] "GET / HTTP/1.1" 200 -
::1 - - [14/Feb/2026 10:43:03] "GET /content.json HTTP/1.1" 200 -
::1 - - [14/Feb/2026 10:45:02] "GET / HTTP/1.1" 200 -
::1 - - [14/Feb/2026 10:45:02] "GET /content.json HTTP/1.1" 200 -
::1 - - [14/Feb/2026 10:50:52] "GET / HTTP/1.1" 200 -
::1 - - [14/Feb/2026 10:50:52] "GET /content.json HTTP/1.1" 200 -
::1 - - [14/Feb/2026 10:50:52] "GET /assets/images/rag-indexing-workflow.png HTTP/1.1" 200 -
::1 - - [14/Feb/2026 10:50:52] "GET /assets/images/rag-qdrant-storage.png HTTP/1.1" 200 -
::1 - - [14/Feb/2026 10:54:23] "GET / HTTP/1.1" 200 -
::1 - - [14/Feb/2026 10:54:23] "GET /content.json HTTP/1.1" 200 -
::1 - - [14/Feb/2026 10:54:23] "GET /assets/images/rag-indexing-workflow.png HTTP/1.1" 304 -
::1 - - [14/Feb/2026 10:54:23] "GET /assets/images/rag-qdrant-storage.png HTTP/1.1" 304 -
